2025-06-09 18:48:43,547 - INFO - 🚀 Запуск моніторингу OLX...
2025-06-09 18:48:52,653 - INFO - 🔍 https://www.olx.ua/uk/list/q-canon-ixus/?search%5Bfilter_float_price:to%5D=5000&search%5Bfilter_enum_digital_camera_manufacturers%5D%5B0%5D=2580 — знайдено 80 оголошень (до фільтрації)
2025-06-09 18:48:58,769 - INFO - ✅ Після фільтрації залишилось: 37 оголошень
2025-06-09 18:49:01,580 - INFO - 🔍 https://www.olx.ua/uk/list/q-canon-elph/?search%5Border%5D=created_at:desc&search%5Bfilter_float_price:to%5D=5000&search%5Bfilter_enum_digital_camera_manufacturers%5D%5B0%5D=2580 — знайдено 4 оголошень (до фільтрації)
2025-06-09 18:49:02,026 - INFO - ✅ Після фільтрації залишилось: 4 оголошень
2025-06-09 18:49:04,296 - INFO - Знайдено фото: 5 для Фотоаппарат Canon IXUS 220 HS
2025-06-09 18:49:05,115 - INFO - ✅ Надіслано: 🔥 ПРІОРИТЕТ | Фотоаппарат Canon IXUS 220 HS
2025-06-09 18:49:20,738 - ERROR - ⚠️ Помилка при отриманні фото через JSON-LD: Message: 
Stacktrace:
	GetHandleVerifier [0x0x7ff7011dfea5+79173]
	GetHandleVerifier [0x0x7ff7011dff00+79264]
	(No symbol) [0x0x7ff700f99e5a]
	(No symbol) [0x0x7ff700ff0586]
	(No symbol) [0x0x7ff700ff083c]
	(No symbol) [0x0x7ff701044247]
	(No symbol) [0x0x7ff7010189af]
	(No symbol) [0x0x7ff70104100d]
	(No symbol) [0x0x7ff701018743]
	(No symbol) [0x0x7ff700fe14c1]
	(No symbol) [0x0x7ff700fe2253]
	GetHandleVerifier [0x0x7ff7014aa2dd+3004797]
	GetHandleVerifier [0x0x7ff7014a472d+2981325]
	GetHandleVerifier [0x0x7ff7014c3380+3107360]
	GetHandleVerifier [0x0x7ff7011faa2e+188622]
	GetHandleVerifier [0x0x7ff7012022bf+219487]
	GetHandleVerifier [0x0x7ff7011e8df4+115860]
	GetHandleVerifier [0x0x7ff7011e8fa9+116297]
	GetHandleVerifier [0x0x7ff7011cf558+11256]
	BaseThreadInitThunk [0x0x7ff9d43ce8d7+23]
	RtlUserThreadStart [0x0x7ff9d59fc34c+44]

2025-06-09 18:49:23,950 - INFO - Знайдено фото: 5 для Цифровой фотоаппарат Canon DIGITAL IXUS 860 IS+КОМПЛЕКТ
2025-06-09 18:49:24,131 - INFO - ✅ Надіслано: Цифровой фотоаппарат Canon DIGITAL IXUS 860 IS+КОМПЛЕКТ
2025-06-09 18:49:26,228 - INFO - Знайдено фото: 2 для Продам фотоаппарат Canon DIGITAL IXUS 70 Silver
2025-06-09 18:49:26,318 - INFO - ✅ Надіслано: Продам фотоаппарат Canon DIGITAL IXUS 70 Silver
2025-06-09 18:49:28,679 - INFO - Знайдено фото: 3 для Фотоапарат Canon Dogital ixus860is
2025-06-09 18:49:28,783 - INFO - ✅ Надіслано: Фотоапарат Canon Dogital ixus860is
2025-06-09 18:49:31,864 - INFO - Знайдено фото: 5 для Фотоаппарат Canon IXUS 850 IS
2025-06-09 18:49:32,166 - INFO - ✅ Надіслано: Фотоаппарат Canon IXUS 850 IS
2025-06-09 18:49:34,075 - INFO - Знайдено фото: 5 для Цифровой фотоаппарат Canon ixus 860
2025-06-09 18:49:34,276 - INFO - ✅ Надіслано: Цифровой фотоаппарат Canon ixus 860
2025-06-09 18:49:36,729 - INFO - Знайдено фото: 5 для Canon Ixus 140 Фотоопарат
2025-06-09 18:49:36,840 - INFO - ✅ Надіслано: Canon Ixus 140 Фотоопарат
2025-06-09 18:49:38,882 - INFO - Знайдено фото: 5 для Canon IXUS 860 is камера фотоаппарат мильниця
2025-06-09 18:49:39,043 - INFO - ✅ Надіслано: Canon IXUS 860 is камера фотоаппарат мильниця
2025-06-09 18:49:41,053 - INFO - Знайдено фото: 5 для Canon Digital IXUS 75
2025-06-09 18:49:41,209 - INFO - ✅ Надіслано: Canon Digital IXUS 75
2025-06-09 18:49:44,145 - INFO - Знайдено фото: 5 для Фотоапарат Canon Digital IXUS 90 ID
2025-06-09 18:49:44,238 - INFO - ✅ Надіслано: Фотоапарат Canon Digital IXUS 90 ID
2025-06-09 18:49:46,876 - INFO - Знайдено фото: 5 для Цифровой фотоппарат Canon IXUS 860 IS
2025-06-09 18:49:47,003 - INFO - ✅ Надіслано: Цифровой фотоппарат Canon IXUS 860 IS
2025-06-09 18:49:49,258 - INFO - Знайдено фото: 5 для Цифровой фотоаппарат Canon ixus 900ti новый
2025-06-09 18:49:49,382 - INFO - ✅ Надіслано: Цифровой фотоаппарат Canon ixus 900ti новый
2025-06-09 18:49:52,018 - INFO - Знайдено фото: 5 для Цифровой фотоаппарат Canon Digital IXUS 750
2025-06-09 18:49:52,130 - INFO - ✅ Надіслано: Цифровой фотоаппарат Canon Digital IXUS 750
2025-06-09 18:49:54,329 - INFO - Знайдено фото: 5 для Canon Digital IXUS 900 Ti
2025-06-09 18:49:54,450 - INFO - ✅ Надіслано: Canon Digital IXUS 900 Ti
2025-06-09 18:49:56,343 - INFO - Знайдено фото: 5 для Цифровий фотоапарат Canon Digital Ixus 200 IS
2025-06-09 18:49:56,526 - INFO - ✅ Надіслано: Цифровий фотоапарат Canon Digital Ixus 200 IS
2025-06-09 18:49:59,700 - INFO - Знайдено фото: 5 для Фотоапарат Canon Ixus 145
2025-06-09 18:49:59,809 - INFO - ✅ Надіслано: Фотоапарат Canon Ixus 145
2025-06-09 18:50:02,995 - INFO - Знайдено фото: 5 для Canon IXUS 110 IS
2025-06-09 18:50:03,127 - INFO - ✅ Надіслано: Canon IXUS 110 IS
2025-06-09 18:50:05,849 - INFO - Знайдено фото: 5 для Canon ixus 100, 12 optical zoom
2025-06-09 18:50:06,062 - INFO - ✅ Надіслано: Canon ixus 100, 12 optical zoom
2025-06-09 18:50:09,081 - INFO - Знайдено фото: 5 для Фотоапарат Canon, Кенон. IXUS 860 IS+ карта пам'яті.
2025-06-09 18:50:09,186 - INFO - ✅ Надіслано: Фотоапарат Canon, Кенон. IXUS 860 IS+ карта пам'яті.
2025-06-09 18:50:11,182 - INFO - Знайдено фото: 5 для Canon IXUS 800 IS цифровий
2025-06-09 18:50:11,300 - INFO - ✅ Надіслано: Canon IXUS 800 IS цифровий
2025-06-09 18:50:14,110 - INFO - Знайдено фото: 5 для Оригінальний японський фотоапарат Canon Ixus V3 (3.2 mp)
2025-06-09 18:50:14,246 - INFO - ✅ Надіслано: Оригінальний японський фотоапарат Canon Ixus V3 (3.2 mp)
2025-06-09 18:50:17,407 - INFO - Знайдено фото: 5 для Цифровой фотоаппарат canon ixus 50
2025-06-09 18:50:17,559 - INFO - ✅ Надіслано: Цифровой фотоаппарат canon ixus 50
2025-06-09 18:50:19,946 - INFO - Знайдено фото: 5 для Фотоаппарат цифровой, цифровик Canon ixus70, ixus 70
2025-06-09 18:50:20,079 - INFO - ✅ Надіслано: Фотоаппарат цифровой, цифровик Canon ixus70, ixus 70
2025-06-09 18:50:22,880 - INFO - Знайдено фото: 5 для Цифровий фотоапарат Canon IXUS 75 (під ремонт)
2025-06-09 18:50:23,040 - INFO - ✅ Надіслано: Цифровий фотоапарат Canon IXUS 75 (під ремонт)
2025-06-09 18:50:25,567 - INFO - Знайдено фото: 1 для Canon Ixus 60 Inox Metal Japan фотоаппарат, фотокамера. Не рабочий
2025-06-09 18:50:25,632 - INFO - ✅ Надіслано: Canon Ixus 60 Inox Metal Japan фотоаппарат, фотокамера. Не рабочий
2025-06-09 18:50:27,852 - INFO - Знайдено фото: 5 для Canon IXUS 800 IS
2025-06-09 18:50:27,974 - INFO - ✅ Надіслано: Canon IXUS 800 IS
2025-06-09 18:50:30,557 - INFO - Знайдено фото: 5 для Canon Ixus 980 комплект
2025-06-09 18:50:30,680 - INFO - ✅ Надіслано: Canon Ixus 980 комплект
2025-06-09 18:50:33,498 - INFO - Знайдено фото: 5 для Canon ixus 75.
2025-06-09 18:50:33,664 - INFO - ✅ Надіслано: Canon ixus 75.
2025-06-09 18:50:36,582 - INFO - Знайдено фото: 5 для Цифровой фотоаппарат Canon ixus 900ti
2025-06-09 18:50:36,758 - INFO - ✅ Надіслано: Цифровой фотоаппарат Canon ixus 900ti
2025-06-09 18:50:39,993 - INFO - Знайдено фото: 5 для Цифровий фотоапарат Canon IXUS 900 Ti тітановий корпус топова модель
2025-06-09 18:50:40,116 - INFO - ✅ Надіслано: Цифровий фотоапарат Canon IXUS 900 Ti тітановий корпус топова модель
2025-06-09 18:50:42,206 - INFO - Знайдено фото: 3 для фотоапарат canon Digital ixus 90is
2025-06-09 18:50:42,296 - INFO - ✅ Надіслано: фотоапарат canon Digital ixus 90is
2025-06-09 18:50:45,041 - INFO - Знайдено фото: 5 для фотопарат canon ixus z50
2025-06-09 18:50:45,209 - INFO - ✅ Надіслано: фотопарат canon ixus z50
2025-06-09 18:50:47,959 - INFO - Знайдено фото: 5 для Цифровий фотоапарат Canon IXUS 900 Ti
2025-06-09 18:50:48,062 - INFO - ✅ Надіслано: Цифровий фотоапарат Canon IXUS 900 Ti
2025-06-09 18:50:50,123 - INFO - Знайдено фото: 5 для Цифровой фотоаппарат Canon Ixus PC1205
2025-06-09 18:50:50,219 - INFO - ✅ Надіслано: Цифровой фотоаппарат Canon Ixus PC1205
2025-06-09 18:50:53,331 - INFO - Знайдено фото: 5 для Цифровий фотоапарат Canon digital ixus 75
2025-06-09 18:50:53,435 - INFO - ✅ Надіслано: Цифровий фотоапарат Canon digital ixus 75
2025-06-09 18:50:55,434 - INFO - Знайдено фото: 5 для Canon IXUS Z70 (PowerShot .
2025-06-09 18:50:55,571 - INFO - ✅ Надіслано: Canon IXUS Z70 (PowerShot .
2025-06-09 18:50:58,120 - INFO - Знайдено фото: 5 для Фотоаппарат Canon DIGITAL IXUS 970 IS
2025-06-09 18:50:58,219 - INFO - ✅ Надіслано: Фотоаппарат Canon DIGITAL IXUS 970 IS
2025-06-09 18:50:59,883 - INFO - Знайдено фото: 5 для Фотоаппарат Canon PowerShot S100 Digital Elph
2025-06-09 18:51:00,095 - INFO - ✅ Надіслано: Фотоаппарат Canon PowerShot S100 Digital Elph
2025-06-09 18:51:02,043 - INFO - Знайдено фото: 5 для Цифрова фотокамера Canon PowerShot SD900 Digital ELPH
2025-06-09 18:51:02,174 - INFO - ✅ Надіслано: Цифрова фотокамера Canon PowerShot SD900 Digital ELPH
2025-06-09 18:51:05,545 - INFO - Знайдено фото: 5 для Фотоаппарат Canon PowerShot S100 Digital Elph
2025-06-09 18:51:05,669 - INFO - ✅ Надіслано: Фотоаппарат Canon PowerShot S100 Digital Elph
2025-06-09 18:51:07,267 - INFO - Знайдено фото: 5 для Фотоаппарат Canon ELPH 370Z на запчасти
2025-06-09 18:51:07,399 - INFO - ✅ Надіслано: Фотоаппарат Canon ELPH 370Z на запчасти
2025-06-09 18:51:07,400 - INFO - ⌛ Чекаємо 5 хвилин до наступної перевірки...

